<?xml version="1.0" encoding="UTF-8"?>
<!-- Generated by org.testng.reporters.JUnitReportReporter -->
<testsuite hostname="LAPTOP-BJSMP7Q6" failures="0" tests="1" name="testngproject.EndToEndTest" time="3.946" errors="0" timestamp="2023-03-30T18:59:12 IST" skipped="0">
  <testcase classname="testngproject.EndToEndTest" name="verifyEndToEndFlow" time="3.946"/>
  <system-out/>
</testsuite> <!-- testngproject.EndToEndTest -->
