<?xml version="1.0" encoding="UTF-8"?>
<!-- Generated by org.testng.reporters.JUnitReportReporter -->
<testsuite hostname="LAPTOP-BJSMP7Q6" failures="0" tests="4" name="testngproject.HomePageTest" time="3.262" errors="0" timestamp="2023-03-30T18:59:12 IST" skipped="0">
  <testcase classname="testngproject.HomePageTest" name="verifyHomePageUI" time="0.196"/>
  <system-out/>
  <testcase classname="testngproject.HomePageTest" name="verifyHomePageFooterUI" time="0.196"/>
  <system-out/>
  <testcase classname="testngproject.HomePageTest" name="verifyMakeAppointmentButtonWithLogin" time="2.096"/>
  <system-out/>
  <testcase classname="testngproject.HomePageTest" name="verifyMakeAppointmentButtonWithoutLogin" time="0.774"/>
  <system-out/>
</testsuite> <!-- testngproject.HomePageTest -->
