<?xml version="1.0" encoding="UTF-8"?>
<!-- Generated by org.testng.reporters.JUnitReportReporter -->
<testsuite hostname="LAPTOP-BJSMP7Q6" failures="0" tests="3" name="testngproject.MakeAppointmentPageTest" time="7.700" errors="0" timestamp="2023-03-30T18:59:12 IST" skipped="0">
  <testcase classname="testngproject.MakeAppointmentPageTest" name="verifyAppoinmentBookingUI" time="2.247"/>
  <system-out/>
  <testcase classname="testngproject.MakeAppointmentPageTest" name="verifyAppoinmentBookingWithLogin" time="2.729"/>
  <system-out/>
  <testcase classname="testngproject.MakeAppointmentPageTest" name="verifyAppoinmentBookingWithoutLogin" time="2.724"/>
  <system-out/>
</testsuite> <!-- testngproject.MakeAppointmentPageTest -->
