<?xml version="1.0" encoding="UTF-8"?>
<!-- Generated by org.testng.reporters.JUnitReportReporter -->
<testsuite hostname="LAPTOP-BJSMP7Q6" failures="0" tests="5" name="testngproject.LoginPageTest" time="6.367" errors="0" timestamp="2023-03-30T18:59:12 IST" skipped="0">
  <testcase classname="testngproject.LoginPageTest" name="loginWithInvalidPassword" time="0.988"/>
  <system-out/>
  <testcase classname="testngproject.LoginPageTest" name="verifyTextOnLoginPage" time="0.704"/>
  <system-out/>
  <testcase classname="testngproject.LoginPageTest" name="loginWithBlankCredentials" time="1.296"/>
  <system-out/>
  <testcase classname="testngproject.LoginPageTest" name="loginWithInvalidUsername" time="1.022"/>
  <system-out/>
  <testcase classname="testngproject.LoginPageTest" name="loginWithValidCredentials" time="2.357"/>
  <system-out/>
</testsuite> <!-- testngproject.LoginPageTest -->
